Tue May 20 04:38:33 PST 2025
UPTIME: 1:30, HH:MM
MEMORY USAGE: 232.2M MB
DISK USAGE: 3.1G GB
CPU USAGE: 0%

Tue May 20 04:38:35 PST 2025
UPTIME: 1:30, HH:MM
MEMORY USAGE: 232.2M MB
DISK USAGE: 3.1G GB
CPU USAGE: 0%

Tue May 20 04:38:44 PST 2025
UPTIME: 1:30, HH:MM
MEMORY USAGE: 232.7M MB
DISK USAGE: 3.1G GB
CPU USAGE: 0%

Tue May 20 04:38:48 PST 2025
UPTIME: 1:30, HH:MM
MEMORY USAGE: 232.9M MB
DISK USAGE: 3.1G GB
CPU USAGE: 0%

Tue May 20 04:38:51 PST 2025
UPTIME: 1:30, HH:MM
MEMORY USAGE: 232.9M MB
DISK USAGE: 3.1G GB
CPU USAGE: 6%

